<?xml version="1.0" encoding="UTF-8"?>
<testng-results ignored="0" total="1" passed="1" failed="0" skipped="0">
  <reporter-output>
  </reporter-output>
  <suite started-at="2021-06-06T18:19:59 PDT" name="Default suite" finished-at="2021-06-06T18:20:17 PDT" duration-ms="17949">
    <groups>
    </groups>
    <test started-at="2021-06-06T18:19:59 PDT" name="Default test" finished-at="2021-06-06T18:20:17 PDT" duration-ms="17949">
      <class name="com.qa.test.MorePageTest">
        <test-method is-config="true" signature="SetUp()[pri:0, instance:com.qa.test.MorePageTest@73e22a3d]" started-at="2021-06-06T18:19:59 PDT" name="SetUp" finished-at="2021-06-06T18:20:11 PDT" duration-ms="11827" status="PASS">
          <reporter-output>
          </reporter-output>
        </test-method> <!-- SetUp -->
        <test-method signature="FileDownloadTest()[pri:0, instance:com.qa.test.MorePageTest@73e22a3d]" started-at="2021-06-06T18:20:11 PDT" name="FileDownloadTest" finished-at="2021-06-06T18:20:17 PDT" duration-ms="6064" status="PASS">
          <reporter-output>
          </reporter-output>
        </test-method> <!-- FileDownloadTest -->
      </class> <!-- com.qa.test.MorePageTest -->
    </test> <!-- Default test -->
  </suite> <!-- Default suite -->
</testng-results>
